<?xml version="1.0" encoding="UTF-8"?>
<!-- Generated by org.testng.reporters.JUnitReportReporter -->
<testsuite hostname="RAJ" failures="0" tests="1" name="com.dollardays.testcases.TC_Wishlist" time="87.228" errors="0" timestamp="2021-01-12T14:34:43 EST" skipped="0">
  <testcase classname="com.dollardays.testcases.TC_Wishlist" name="wishlistTest" time="87.228"/>
  <system-out/>
</testsuite> <!-- com.dollardays.testcases.TC_Wishlist -->
